<?xml version="1.0" encoding="UTF-8"?>
<!-- Generated by org.testng.reporters.JUnitReportReporter -->
<testsuite skipped="0" hostname="LIN80019034" name="com.timeproject.testcases.TimeTestCase" tests="1" failures="0" timestamp="2022-08-04T14:52:49 IST" time="16.835" errors="0">
  <testcase name="verify_TimesPage" time="16.835" classname="com.timeproject.testcases.TimeTestCase"/>
  <system-out/>
</testsuite> <!-- com.timeproject.testcases.TimeTestCase -->
